[master (root-commit) 17ada99] 5 of 90
 14 files changed, 716 insertions(+)
 create mode 100644 MyMalloc.c
 create mode 100644 MyMalloc.h
 create mode 100644 test0.c
 create mode 100644 test1-1.c
 create mode 100644 test1-2.c
 create mode 100644 test1-3.c
 create mode 100644 test1-4.c
 create mode 100644 test1.c
 create mode 100644 test2.c
 create mode 100644 test3.c
 create mode 100644 test4.c
 create mode 100644 test5.c
 create mode 100644 test6.c
 create mode 100644 test7.c
On branch master
Untracked files:
	.local.git.out
	.local.total.out
	Makefile
	MyMalloc.o
	MyMalloc.so
	diff.out
	none
	test0
	test0.org
	test0.org.out
	test0.out
	test1
	test1-1
	test1-1.org
	test1-1.org.out
	test1-1.out
	test1-2
	test1-2.org
	test1-2.org.out
	test1-2.out
	test1-3
	test1-3.org
	test1-3.org.out
	test1-3.out
	test1-4
	test1-4.org
	test1-4.org.out
	test1-4.out
	test1.org
	test2
	test2.org
	test2.org.out
	test2.out
	test3
	test3.org
	test3.org.out
	test3.out
	test4
	test4.org
	test4.org.out
	test4.out
	test5
	test5.org
	test5.org.out
	test5.out
	test6
	test6.org
	test7
	test7.org
	test7.org.out
	test7.out
	testall
	total.out
	total.txt

nothing added to commit but untracked files present
On branch master
Untracked files:
	.local.git.out
	.local.total.out
	Makefile
	MyMalloc.o
	MyMalloc.so
	diff.out
	none
	test0
	test0.org
	test0.org.out
	test0.out
	test1
	test1-1
	test1-1.org
	test1-1.org.out
	test1-1.out
	test1-2
	test1-2.org
	test1-2.org.out
	test1-2.out
	test1-3
	test1-3.org
	test1-3.org.out
	test1-3.out
	test1-4
	test1-4.org
	test1-4.org.out
	test1-4.out
	test1.org
	test2
	test2.org
	test2.org.out
	test2.out
	test3
	test3.org
	test3.org.out
	test3.out
	test4
	test4.org
	test4.org.out
	test4.out
	test5
	test5.org
	test5.org.out
	test5.out
	test6
	test6.org
	test7
	test7.org
	test7.org.out
	test7.out
	testall
	total.out
	total.txt

nothing added to commit but untracked files present
On branch master
Untracked files:
	.local.git.out
	.local.total.out
	Makefile
	MyMalloc.o
	MyMalloc.so
	diff.out
	none
	test0
	test0.org
	test0.org.out
	test0.out
	test1
	test1-1
	test1-1.org
	test1-1.org.out
	test1-1.out
	test1-2
	test1-2.org
	test1-2.org.out
	test1-2.out
	test1-3
	test1-3.org
	test1-3.org.out
	test1-3.out
	test1-4
	test1-4.org
	test1-4.org.out
	test1-4.out
	test1.org
	test2
	test2.org
	test2.org.out
	test2.out
	test3
	test3.org
	test3.org.out
	test3.out
	test4
	test4.org
	test4.org.out
	test4.out
	test5
	test5.org
	test5.org.out
	test5.out
	test6
	test6.org
	test7
	test7.org
	test7.org.out
	test7.out
	testall
	total.out
	total.txt

nothing added to commit but untracked files present
On branch master
Untracked files:
	.local.git.out
	.local.total.out
	Makefile
	MyMalloc.o
	MyMalloc.so
	diff.out
	none
	test0
	test0.org
	test0.org.out
	test0.out
	test1
	test1-1
	test1-1.org
	test1-1.org.out
	test1-1.out
	test1-2
	test1-2.org
	test1-2.org.out
	test1-2.out
	test1-3
	test1-3.org
	test1-3.org.out
	test1-3.out
	test1-4
	test1-4.org
	test1-4.org.out
	test1-4.out
	test1.org
	test2
	test2.org
	test2.org.out
	test2.out
	test3
	test3.org
	test3.org.out
	test3.out
	test4
	test4.org
	test4.org.out
	test4.out
	test5
	test5.org
	test5.org.out
	test5.out
	test6
	test6.org
	test7
	test7.org
	test7.org.out
	test7.out
	testall
	total.out
	total.txt

nothing added to commit but untracked files present
[master 6f32700] 5 of 90
 1 file changed, 14 insertions(+), 2 deletions(-)
[master 9c55c33] 5 of 100
 1 file changed, 2 insertions(+)
On branch master
Untracked files:
	.local.git.out
	.local.total.out
	Makefile
	MyMalloc.o
	MyMalloc.so
	diff.out
	none
	test0
	test0.org
	test0.org.out
	test0.out
	test1
	test1-1
	test1-1.org
	test1-1.org.out
	test1-1.out
	test1-2
	test1-2.org
	test1-2.org.out
	test1-2.out
	test1-3
	test1-3.org
	test1-3.org.out
	test1-3.out
	test1-4
	test1-4.org
	test1-4.org.out
	test1-4.out
	test1.org
	test2
	test2.org
	test2.org.out
	test2.out
	test3
	test3.org
	test3.org.out
	test3.out
	test4
	test4.org
	test4.org.out
	test4.out
	test5
	test5.org
	test5.org.out
	test5.out
	test6
	test6.org
	test6.org.out
	test6.out
	test7
	test7.org
	test7.org.out
	test7.out
	testall
	total.out
	total.txt

nothing added to commit but untracked files present
